Config: configs/sleep_mi.yaml | Log: logs/sleep_mi-13247278.log
wandb: [wandb.login()] Loaded credentials for https://api.wandb.ai from /home/zz5070/.netrc.
wandb: Currently logged in as: joniz (ml-nyush) to https://api.wandb.ai. Use `wandb login --relogin` to force relogin
wandb: setting up run fw5p95gk
wandb: Tracking run with wandb version 0.28.0
wandb: Run data is saved locally in /scratch/zz5070/PAC-former/wandb/run-20260710_040438-fw5p95gk
wandb: Run `wandb offline` to turn off syncing.
wandb: Syncing run sleepedf-mi
wandb: ⭐️ View project at https://wandb.ai/ml-nyush/pac-former
wandb: 🚀 View run at https://wandb.ai/ml-nyush/pac-former/runs/fw5p95gk
Traceback (most recent call last):
  File "/scratch/zz5070/PAC-former/train.py", line 122, in <module>
    main()
  File "/scratch/zz5070/PAC-former/train.py", line 66, in main
    model = build_model(cfg).to(device)
            ^^^^^^^^^^^^^^^^^^^^^^^^^^^
  File "/scratch/zz5070/miniconda3/envs/pacformer/lib/python3.11/site-packages/torch/nn/modules/module.py", line 1369, in to
    return self._apply(convert)
           ^^^^^^^^^^^^^^^^^^^^
  File "/scratch/zz5070/miniconda3/envs/pacformer/lib/python3.11/site-packages/torch/nn/modules/module.py", line 928, in _apply
    module._apply(fn)
  File "/scratch/zz5070/miniconda3/envs/pacformer/lib/python3.11/site-packages/torch/nn/modules/module.py", line 928, in _apply
    module._apply(fn)
  File "/scratch/zz5070/miniconda3/envs/pacformer/lib/python3.11/site-packages/torch/nn/modules/module.py", line 955, in _apply
    param_applied = fn(param)
                    ^^^^^^^^^
  File "/scratch/zz5070/miniconda3/envs/pacformer/lib/python3.11/site-packages/torch/nn/modules/module.py", line 1355, in convert
    return t.to(
           ^^^^^
torch.AcceleratorError: CUDA error: CUDA-capable device(s) is/are busy or unavailable
CUDA kernel errors might be asynchronously reported at some other API call, so the stacktrace below might be incorrect.
For debugging consider passing CUDA_LAUNCH_BLOCKING=1
Compile with `TORCH_USE_CUDA_DSA` to enable device-side assertions.

[1;34mwandb[0m: 
[1;34mwandb[0m: 🚀 View run [33msleepedf-mi[0m at: [34mhttps://wandb.ai/ml-nyush/pac-former/runs/fw5p95gk[0m
[1;34mwandb[0m: Find logs at: [1;35mwandb/run-20260710_040438-fw5p95gk/logs[0m
